TN:
SF:script/Hats.s.sol
FN:34,DeployHatsAndMintTopHat.run
FNDA:0,DeployHatsAndMintTopHat.run
DA:35,0
DA:40,0
DA:41,0
DA:43,0
DA:45,0
DA:46,0
DA:48,0
DA:50,0
DA:51,0
DA:53,0
FN:11,DeployHats.run
FNDA:0,DeployHats.run
DA:12,0
DA:14,0
DA:15,0
DA:17,0
DA:19,0
FNF:2
FNH:0
LF:15
LH:0
BRF:0
BRH:0
end_of_record
TN:
SF:src/Hats.sol
FN:92,Hats.mintTopHat
FNDA:5,Hats.mintTopHat
DA:99,5
DA:101,5
DA:111,5
FN:159,Hats.createHat
FNDA:106459,Hats.createHat
DA:168,109348
BRDA:168,0,0,-
BRDA:168,0,1,109348
DA:169,0
DA:172,109348
DA:175,60197
DA:178,60197
DA:189,60197
FN:202,Hats.batchCreateHats
FNDA:515,Hats.batchCreateHats
DA:212,515
DA:214,515
DA:221,515
BRDA:221,1,0,256
BRDA:221,1,1,259
DA:224,259
DA:225,2889
DA:236,259
FN:239,Hats.getNextId
FNDA:2,Hats.getNextId
DA:240,109350
DA:241,109350
FN:249,Hats.mintHat
FNDA:539,Hats.mintHat
DA:250,2319
DA:251,2319
BRDA:251,2,0,1
BRDA:251,2,1,2318
DA:254,2318
DA:256,2317
BRDA:256,3,0,1
BRDA:256,3,1,2316
DA:257,1
DA:260,2316
BRDA:260,4,0,1
BRDA:260,4,1,2315
DA:261,1
DA:264,2315
DA:266,2315
FN:269,Hats.batchMintHats
FNDA:512,Hats.batchMintHats
DA:273,512
DA:274,512
BRDA:274,5,0,256
BRDA:274,5,1,256
DA:276,256
DA:277,1780
DA:280,256
FN:287,Hats.setHatStatus
FNDA:8,Hats.setHatStatus
DA:291,8
DA:293,8
BRDA:293,6,0,2
BRDA:293,6,1,6
DA:294,2
DA:297,6
FN:304,Hats.checkHatStatus
FNDA:3,Hats.checkHatStatus
DA:305,3
DA:306,3
DA:308,3
DA:313,3
DA:317,3
BRDA:317,7,0,2
BRDA:317,7,1,1
DA:318,2
DA:320,1
DA:323,2
FN:334,Hats.setHatWearerStatus
FNDA:6,Hats.setHatWearerStatus
DA:340,6
DA:342,6
BRDA:342,8,0,1
BRDA:342,8,1,5
DA:343,1
DA:346,5
DA:348,5
FN:355,Hats.checkHatWearerStatus
FNDA:5,Hats.checkHatWearerStatus
DA:359,5
DA:360,5
DA:361,5
DA:363,5
DA:369,5
DA:375,5
BRDA:375,9,0,4
BRDA:375,9,1,1
DA:376,4
DA:378,1
DA:381,4
FN:387,Hats.renounceHat
FNDA:2,Hats.renounceHat
DA:388,2
BRDA:388,10,0,1
BRDA:388,10,1,1
DA:389,1
DA:392,1
FN:412,Hats._createHat
FNDA:60202,Hats._createHat
DA:421,60202
DA:422,60202
DA:423,60202
DA:424,60202
DA:425,60202
DA:426,60202
DA:427,60202
DA:429,60202
FN:441,Hats._processHatStatus
FNDA:8,Hats._processHatStatus
DA:446,8
DA:448,8
BRDA:448,11,0,8
BRDA:448,11,1,8
DA:449,8
DA:450,8
DA:451,8
FN:463,Hats._processHatWearerStatus
FNDA:9,Hats._processHatWearerStatus
DA:470,9
BRDA:470,12,0,7
BRDA:470,12,1,9
DA:472,7
DA:481,9
BRDA:481,13,0,4
BRDA:481,13,1,9
DA:482,4
DA:483,4
FN:489,Hats.transferHat
FNDA:6,Hats.transferHat
DA:494,6
DA:497,5
BRDA:497,14,0,1
BRDA:497,14,1,3
DA:498,4
BRDA:498,15,0,1
BRDA:498,15,1,3
DA:502,4
BRDA:502,16,0,-
BRDA:502,16,1,4
DA:503,0
DA:507,4
BRDA:507,17,0,2
BRDA:507,17,1,2
DA:508,2
DA:512,2
DA:513,2
DA:515,2
FN:522,Hats._checkAdmin
FNDA:62540,Hats._checkAdmin
DA:523,62540
BRDA:523,18,0,3
BRDA:523,18,1,62537
DA:524,3
FN:531,Hats.makeHatImmutable
FNDA:3,Hats.makeHatImmutable
DA:532,3
DA:534,2
DA:536,2
BRDA:536,19,0,1
BRDA:536,19,1,1
DA:537,1
DA:540,1
DA:542,1
FN:549,Hats.changeHatDetails
FNDA:2,Hats.changeHatDetails
DA:552,2
DA:553,2
DA:555,2
BRDA:555,20,0,1
BRDA:555,20,1,1
DA:556,1
DA:559,1
DA:561,1
FN:568,Hats.changeHatEligibility
FNDA:2,Hats.changeHatEligibility
DA:571,2
DA:572,2
DA:574,2
BRDA:574,21,0,1
BRDA:574,21,1,1
DA:575,1
DA:578,1
DA:580,1
FN:587,Hats.changeHatToggle
FNDA:2,Hats.changeHatToggle
DA:588,2
DA:589,2
DA:591,2
BRDA:591,22,0,1
BRDA:591,22,1,1
DA:592,1
DA:595,1
DA:597,1
FN:604,Hats.changeHatImageURI
FNDA:2,Hats.changeHatImageURI
DA:607,2
DA:608,2
DA:610,2
BRDA:610,23,0,1
BRDA:610,23,1,1
DA:611,1
DA:614,1
DA:616,1
FN:623,Hats.changeHatMaxSupply
FNDA:8,Hats.changeHatMaxSupply
DA:624,8
DA:625,8
DA:627,8
BRDA:627,24,0,1
BRDA:627,24,1,7
DA:628,1
DA:631,7
BRDA:631,25,0,1
BRDA:631,25,1,6
DA:632,1
DA:635,6
DA:637,6
FN:655,Hats.viewHat
FNDA:801,Hats.viewHat
DA:670,801
DA:671,801
DA:672,801
DA:673,801
DA:674,801
DA:675,801
DA:676,801
DA:677,801
DA:678,801
DA:679,801
FN:687,Hats.isWearerOfHat
FNDA:29,Hats.isWearerOfHat
DA:692,65008
FN:700,Hats.isAdminOfHat
FNDA:1,Hats.isAdminOfHat
DA:705,62541
BRDA:705,26,0,1
BRDA:705,26,1,62540
DA:706,1
DA:709,62540
DA:711,62660
DA:712,42824
BRDA:712,27,0,42704
BRDA:712,27,1,120
DA:713,42704
DA:716,120
DA:719,19836
FN:727,Hats._isActive
FNDA:65826,Hats._isActive
DA:732,65826
DA:737,65826
DA:739,65826
BRDA:739,28,0,4
BRDA:739,28,1,65822
DA:740,4
DA:742,65822
FN:754,Hats._getHatStatus
FNDA:65830,Hats._getHatStatus
DA:755,65830
FN:758,Hats._setHatStatus
FNDA:8,Hats._setHatStatus
DA:759,8
BRDA:759,29,0,2
BRDA:759,29,1,6
DA:760,2
DA:762,6
FN:766,Hats._isMutable
FNDA:825,Hats._isMutable
DA:767,825
FN:779,Hats.isInGoodStanding
FNDA:10,Hats.isInGoodStanding
DA:784,10
DA:794,10
BRDA:794,30,0,4
BRDA:794,30,1,6
DA:795,4
DA:797,6
FN:807,Hats._isEligible
FNDA:65019,Hats._isEligible
DA:812,65019
DA:820,65019
BRDA:820,31,0,1
BRDA:820,31,1,7
DA:821,7
DA:822,7
DA:824,7
BRDA:824,32,0,1
BRDA:824,32,1,7
DA:826,65012
FN:835,Hats.isEligible
FNDA:0,Hats.isEligible
DA:841,0
FN:849,Hats.getImageURIForHat
FNDA:5,Hats.getImageURIForHat
DA:855,808
DA:857,808
DA:860,808
BRDA:860,33,0,547
BRDA:860,33,1,261
DA:861,547
DA:870,261
DA:873,261
BRDA:873,34,0,-
BRDA:873,34,1,-
DA:876,260
DA:879,260
DA:880,5
DA:881,5
DA:882,5
DA:884,5
BRDA:884,35,0,1
BRDA:884,35,1,4
DA:885,1
DA:895,259
FN:904,Hats._constructURI
FNDA:2,Hats._constructURI
DA:909,2
DA:911,2
DA:913,2
BRDA:913,36,0,1
BRDA:913,36,1,1
DA:914,1
DA:916,1
DA:920,2
DA:930,2
DA:950,2
FN:985,Hats.balanceOf
FNDA:15,Hats.balanceOf
DA:991,65023
DA:993,65023
DA:995,65023
BRDA:995,37,0,65013
BRDA:995,37,1,65023
DA:996,65013
FN:1006,Hats._mint
FNDA:2320,Hats._mint
DA:1012,2320
DA:1015,2320
DA:1017,2320
FN:1025,Hats._burn
FNDA:8,Hats._burn
DA:1030,8
DA:1033,8
DA:1035,8
FN:1038,Hats.setApprovalForAll
FNDA:0,Hats.setApprovalForAll
DA:1043,0
FN:1048,Hats.safeTransferFrom
FNDA:0,Hats.safeTransferFrom
DA:1055,0
FN:1060,Hats.safeBatchTransferFrom
FNDA:0,Hats.safeBatchTransferFrom
DA:1067,0
FN:1073,Hats.uri
FNDA:2,Hats.uri
DA:1079,2
FNF:41
FNH:37
LF:204
LH:198
BRF:76
BRH:72
end_of_record
TN:
SF:src/HatsAdmins/SampleHatter.sol
FN:31,SampleMultiHatter.mint
FNDA:0,SampleMultiHatter.mint
DA:32,0
FN:35,SampleMultiHatter._mint
FNDA:0,SampleMultiHatter._mint
DA:36,0
BRDA:36,0,0,-
BRDA:36,0,1,-
DA:37,0
FN:40,SampleMultiHatter.createAndMint
FNDA:0,SampleMultiHatter.createAndMint
DA:50,0
DA:59,0
FN:63,SampleMultiHatter.transfer
FNDA:0,SampleMultiHatter.transfer
DA:68,0
FNF:4
FNH:0
LF:6
LH:0
BRF:2
BRH:0
end_of_record
TN:
SF:src/HatsEligibility/SampleHatsEligibility.sol
FN:38,OwnableHatsEligibility.getWearerStatus
FNDA:0,OwnableHatsEligibility.getWearerStatus
DA:43,0
FN:46,OwnableHatsEligibility.setWearerStatus
FNDA:0,OwnableHatsEligibility.setWearerStatus
DA:52,0
DA:53,0
DA:55,0
FN:58,OwnableHatsEligibility._updateHatWearerStatus
FNDA:0,OwnableHatsEligibility._updateHatWearerStatus
DA:64,0
FNF:3
FNH:0
LF:5
LH:0
BRF:0
BRH:0
end_of_record
TN:
SF:src/HatsIdUtilities.sol
FN:52,HatsIdUtilities.buildHatId
FNDA:292,HatsIdUtilities.buildHatId
DA:57,109642
BRDA:57,0,0,49152
BRDA:57,0,1,60490
DA:58,60490
DA:60,60490
DA:61,101790
DA:65,101790
BRDA:65,1,0,60490
BRDA:65,1,1,41300
DA:66,60490
DA:70,60490
FN:78,HatsIdUtilities.getHatLevel
FNDA:51,HatsIdUtilities.getHatLevel
DA:79,62853
DA:80,62853
DA:83,0
DA:84,169010
DA:89,169010
BRDA:89,2,0,62849
BRDA:89,2,1,106161
DA:92,4
FN:99,HatsIdUtilities.isTopHat
FNDA:5,HatsIdUtilities.isTopHat
DA:100,62553
FN:107,HatsIdUtilities.getAdminAtLevel
FNDA:20,HatsIdUtilities.getAdminAtLevel
DA:112,62691
DA:115,62691
FN:122,HatsIdUtilities.getTophatDomain
FNDA:3,HatsIdUtilities.getTophatDomain
DA:123,5
FNF:5
FNH:5
LF:17
LH:16
BRF:6
BRH:6
end_of_record
TN:
SF:src/HatsToggle/SampleHatsToggle.sol
FN:29,ExpiringHatsToggle.getHatStatus
FNDA:0,ExpiringHatsToggle.getHatStatus
DA:30,0
FN:33,ExpiringHatsToggle.setExpiry
FNDA:0,ExpiringHatsToggle.setExpiry
DA:34,0
BRDA:34,0,0,-
BRDA:34,0,1,-
DA:35,0
DA:38,0
DA:40,0
FN:55,OwnableHatsToggle.getHatStatus
FNDA:0,OwnableHatsToggle.getHatStatus
DA:56,0
FN:59,OwnableHatsToggle.setHatStatus
FNDA:0,OwnableHatsToggle.setHatStatus
DA:64,0
DA:65,0
DA:67,0
FN:70,OwnableHatsToggle._updateHatStatus
FNDA:0,OwnableHatsToggle._updateHatStatus
DA:71,0
FNF:5
FNH:0
LF:10
LH:0
BRF:2
BRH:0
end_of_record
TN:
SF:test/HatsTestSetup.t.sol
FN:198,TestSetupBatch.setUp
FNDA:0,TestSetupBatch.setUp
DA:200,0
FN:156,TestSetup2.setUp
FNDA:0,TestSetup2.setUp
DA:158,0
DA:161,0
DA:162,0
DA:173,0
DA:174,0
FN:179,TestSetupMutable.setUp
FNDA:0,TestSetupMutable.setUp
DA:181,0
DA:184,0
DA:185,0
FN:68,TestSetup.setUp
FNDA:0,TestSetup.setUp
DA:69,0
DA:71,0
DA:74,0
FN:77,TestSetup.setUpVariables
FNDA:0,TestSetup.setUpVariables
DA:79,0
DA:82,0
DA:83,0
DA:84,0
DA:85,0
DA:86,0
DA:89,0
DA:90,0
DA:91,0
DA:93,0
DA:94,0
DA:95,0
DA:97,0
FN:100,TestSetup.createTopHat
FNDA:0,TestSetup.createTopHat
DA:102,0
FN:111,TestSetup.createHatsBranch
FNDA:0,TestSetup.createHatsBranch
DA:117,0
DA:118,0
DA:119,0
DA:120,0
DA:122,0
DA:123,0
DA:125,0
DA:126,0
DA:128,0
DA:131,0
DA:133,0
DA:142,0
DA:145,0
DA:146,0
DA:147,0
DA:149,0
FNF:7
FNH:0
LF:42
LH:0
BRF:0
BRH:0
end_of_record
