TN:
SF:script/Hats.s.sol
FN:8,DeployHats.run
FNDA:0,DeployHats.run
DA:9,0
DA:11,0
DA:13,0
FNF:1
FNH:0
LF:3
LH:0
BRF:0
BRH:0
end_of_record
TN:
SF:src/Hats.sol
FN:111,Hats.mintTopHat
FNDA:142,Hats.mintTopHat
DA:114,142
DA:116,142
DA:124,142
FN:134,Hats.createTopHatAndHat
FNDA:142,Hats.createTopHatAndHat
DA:140,142
DA:142,142
FN:159,Hats.createHat
FNDA:142,Hats.createHat
DA:167,142
BRDA:167,0,0,-
BRDA:167,0,1,4
DA:168,142
DA:170,142
BRDA:170,1,0,-
BRDA:170,1,1,4
DA:171,142
DA:174,142
DA:176,142
DA:178,142
FN:181,Hats._buildNextId
FNDA:142,Hats._buildNextId
DA:182,142
DA:184,142
BRDA:184,2,0,2
BRDA:184,2,1,2
DA:185,142
DA:187,142
BRDA:187,3,0,1
BRDA:187,3,1,1
DA:188,142
DA:190,142
BRDA:190,4,0,1
BRDA:190,4,1,-
DA:191,142
DA:193,142
BRDA:193,5,0,-
BRDA:193,5,1,-
DA:194,142
DA:196,142
BRDA:196,6,0,-
BRDA:196,6,1,-
DA:197,142
DA:199,142
BRDA:199,7,0,-
BRDA:199,7,1,-
DA:200,142
DA:202,142
BRDA:202,8,0,-
BRDA:202,8,1,-
DA:203,142
DA:205,142
BRDA:205,9,0,-
BRDA:205,9,1,-
DA:206,142
DA:208,142
BRDA:208,10,0,-
BRDA:208,10,1,-
DA:209,142
DA:211,142
BRDA:211,11,0,-
BRDA:211,11,1,-
DA:212,142
DA:214,142
BRDA:214,12,0,-
BRDA:214,12,1,-
DA:215,142
DA:217,142
BRDA:217,13,0,-
BRDA:217,13,1,-
DA:218,142
DA:220,142
BRDA:220,14,0,-
BRDA:220,14,1,-
DA:221,142
DA:223,142
BRDA:223,15,0,-
BRDA:223,15,1,-
DA:224,142
DA:226,142
BRDA:226,16,0,-
BRDA:226,16,1,-
DA:227,142
DA:229,142
BRDA:229,17,0,-
BRDA:229,17,1,-
DA:230,142
DA:232,142
BRDA:232,18,0,-
BRDA:232,18,1,-
DA:233,142
DA:235,142
BRDA:235,19,0,-
BRDA:235,19,1,-
DA:236,142
DA:238,142
BRDA:238,20,0,-
BRDA:238,20,1,-
DA:239,142
DA:241,142
BRDA:241,21,0,-
BRDA:241,21,1,-
DA:242,142
DA:244,142
BRDA:244,22,0,-
BRDA:244,22,1,-
DA:245,142
DA:247,142
BRDA:247,23,0,-
BRDA:247,23,1,-
DA:248,142
DA:250,142
BRDA:250,24,0,-
BRDA:250,24,1,-
DA:251,142
DA:254,142
BRDA:254,25,0,-
BRDA:254,25,1,-
DA:255,142
DA:258,142
BRDA:258,26,0,-
BRDA:258,26,1,-
DA:259,142
DA:262,142
BRDA:262,27,0,-
BRDA:262,27,1,-
DA:263,142
DA:266,142
BRDA:266,28,0,-
BRDA:266,28,1,-
DA:267,142
DA:270,142
FN:278,Hats.mintHat
FNDA:142,Hats.mintHat
DA:279,142
DA:281,142
BRDA:281,29,0,1
BRDA:281,29,1,13
DA:282,142
DA:285,142
BRDA:285,30,0,1
BRDA:285,30,1,12
DA:286,142
DA:289,142
BRDA:289,31,0,1
BRDA:289,31,1,11
DA:290,142
DA:293,142
DA:295,142
FN:302,Hats.setHatStatus
FNDA:142,Hats.setHatStatus
DA:306,142
DA:308,142
BRDA:308,32,0,2
BRDA:308,32,1,6
DA:309,142
DA:312,142
FN:319,Hats.pullHatStatusFromConditions
FNDA:142,Hats.pullHatStatusFromConditions
DA:323,142
DA:324,142
DA:326,142
DA:331,142
DA:337,142
BRDA:337,33,0,2
BRDA:337,33,1,1
DA:338,142
DA:340,142
DA:343,142
FN:353,Hats.setHatWearerStatus
FNDA:142,Hats.setHatWearerStatus
DA:359,142
DA:361,142
BRDA:361,34,0,1
BRDA:361,34,1,4
DA:362,142
DA:365,142
DA:367,142
FN:374,Hats.pullHatWearerStatusFromOracle
FNDA:142,Hats.pullHatWearerStatusFromOracle
DA:378,142
DA:379,142
DA:380,142
DA:382,142
DA:388,142
DA:392,142
BRDA:392,35,0,3
BRDA:392,35,1,1
DA:393,142
DA:395,142
DA:398,142
FN:404,Hats.renounceHat
FNDA:142,Hats.renounceHat
DA:405,142
BRDA:405,36,0,1
BRDA:405,36,1,1
DA:406,142
DA:409,142
DA:411,142
FN:426,Hats._createHat
FNDA:142,Hats._createHat
DA:433,142
DA:435,142
DA:437,142
DA:439,142
DA:440,142
DA:442,142
DA:444,142
FN:448,Hats._processHatStatus
FNDA:142,Hats._processHatStatus
DA:453,142
DA:455,142
BRDA:455,37,0,8
BRDA:455,37,1,8
DA:456,142
DA:457,142
DA:458,142
FN:467,Hats._processHatWearerStatus
FNDA:142,Hats._processHatWearerStatus
DA:473,142
BRDA:473,38,0,5
BRDA:473,38,1,7
DA:475,142
DA:484,142
BRDA:484,39,0,2
BRDA:484,39,1,7
DA:485,142
DA:486,142
DA:489,142
FN:492,Hats.transferHat
FNDA:142,Hats.transferHat
DA:497,142
BRDA:497,40,0,1
BRDA:497,40,1,1
DA:498,142
DA:501,142
DA:504,142
BRDA:504,41,0,-
BRDA:504,41,1,1
DA:505,142
DA:509,142
DA:510,142
DA:512,142
FN:528,Hats.viewHat
FNDA:142,Hats.viewHat
DA:541,142
DA:542,142
DA:543,142
DA:544,142
DA:545,142
DA:546,142
DA:547,142
DA:548,142
FN:555,Hats.isTopHat
FNDA:142,Hats.isTopHat
DA:556,142
FN:564,Hats.isWearerOfHat
FNDA:142,Hats.isWearerOfHat
DA:569,142
FN:577,Hats.isAdminOfHat
FNDA:142,Hats.isAdminOfHat
DA:583,142
BRDA:583,42,0,-
BRDA:583,42,1,17
DA:584,142
DA:587,142
DA:589,142
DA:590,142
BRDA:590,43,0,2
BRDA:590,43,1,-
DA:591,142
DA:593,142
DA:595,142
FN:598,Hats.getHatLevel
FNDA:142,Hats.getHatLevel
DA:600,142
BRDA:600,44,0,-
BRDA:600,44,1,21
DA:601,142
BRDA:601,45,0,-
BRDA:601,45,1,21
DA:602,142
BRDA:602,46,0,-
BRDA:602,46,1,21
DA:603,142
BRDA:603,47,0,-
BRDA:603,47,1,21
DA:604,142
BRDA:604,48,0,-
BRDA:604,48,1,21
DA:605,142
BRDA:605,49,0,-
BRDA:605,49,1,21
DA:606,142
BRDA:606,50,0,-
BRDA:606,50,1,21
DA:607,142
BRDA:607,51,0,-
BRDA:607,51,1,21
DA:608,142
BRDA:608,52,0,-
BRDA:608,52,1,21
DA:609,142
BRDA:609,53,0,-
BRDA:609,53,1,21
DA:610,142
BRDA:610,54,0,-
BRDA:610,54,1,21
DA:611,142
BRDA:611,55,0,-
BRDA:611,55,1,21
DA:612,142
BRDA:612,56,0,-
BRDA:612,56,1,21
DA:613,142
BRDA:613,57,0,-
BRDA:613,57,1,21
DA:614,142
BRDA:614,58,0,-
BRDA:614,58,1,21
DA:615,142
BRDA:615,59,0,-
BRDA:615,59,1,21
DA:616,142
BRDA:616,60,0,-
BRDA:616,60,1,21
DA:617,142
BRDA:617,61,0,-
BRDA:617,61,1,21
DA:618,142
BRDA:618,62,0,-
BRDA:618,62,1,21
DA:619,142
BRDA:619,63,0,-
BRDA:619,63,1,21
DA:620,142
BRDA:620,64,0,-
BRDA:620,64,1,21
DA:621,142
BRDA:621,65,0,-
BRDA:621,65,1,21
DA:622,142
BRDA:622,66,0,-
BRDA:622,66,1,21
DA:623,142
BRDA:623,67,0,-
BRDA:623,67,1,21
DA:624,142
BRDA:624,68,0,-
BRDA:624,68,1,21
DA:625,142
BRDA:625,69,0,2
BRDA:625,69,1,19
DA:626,142
BRDA:626,70,0,1
BRDA:626,70,1,18
DA:627,142
BRDA:627,71,0,17
BRDA:627,71,1,1
DA:628,142
FN:631,Hats.getAdminAtLevel
FNDA:142,Hats.getAdminAtLevel
DA:636,142
DA:638,142
FN:645,Hats._isActive
FNDA:142,Hats._isActive
DA:650,142
DA:655,142
DA:659,142
BRDA:659,72,0,4
BRDA:659,72,1,88
DA:660,142
DA:662,142
FN:670,Hats.isActive
FNDA:142,Hats.isActive
DA:671,142
DA:672,142
FN:680,Hats._isInGoodStanding
FNDA:142,Hats._isInGoodStanding
DA:685,142
DA:691,142
DA:693,142
BRDA:693,73,0,6
BRDA:693,73,1,75
DA:694,142
DA:696,142
FN:705,Hats.isInGoodStanding
FNDA:142,Hats.isInGoodStanding
DA:710,142
DA:711,142
FN:717,Hats._constructURI
FNDA:142,Hats._constructURI
DA:722,142
DA:724,142
DA:726,142
BRDA:726,74,0,1
BRDA:726,74,1,1
DA:727,142
DA:729,142
DA:732,142
DA:736,142
DA:751,142
DA:753,142
DA:777,142
FN:788,Hats.balanceOf
FNDA:142,Hats.balanceOf
DA:794,142
DA:796,142
DA:798,142
BRDA:798,75,0,71
BRDA:798,75,1,77
DA:799,142
FN:809,Hats._mint
FNDA:142,Hats._mint
DA:815,142
DA:818,142
DA:820,142
FN:828,Hats._burn
FNDA:142,Hats._burn
DA:833,142
DA:836,142
DA:838,142
FN:841,Hats.setApprovalForAll
FNDA:142,Hats.setApprovalForAll
DA:846,142
FN:851,Hats.safeTransferFrom
FNDA:142,Hats.safeTransferFrom
DA:858,142
FN:863,Hats.safeBatchTransferFrom
FNDA:142,Hats.safeBatchTransferFrom
DA:870,142
FN:876,Hats.uri
FNDA:142,Hats.uri
DA:877,142
FNF:32
FNH:32
LF:220
LH:220
BRF:152
BRH:73
end_of_record
TN:
SF:src/HatsAdmins/SampleHatter.sol
FN:18,SampleMultiHatter.mint
FNDA:0,SampleMultiHatter.mint
DA:19,0
FN:22,SampleMultiHatter._mint
FNDA:0,SampleMultiHatter._mint
DA:23,0
BRDA:23,0,0,-
BRDA:23,0,1,-
DA:24,0
FN:27,SampleMultiHatter.createAndMint
FNDA:0,SampleMultiHatter.createAndMint
DA:35,0
DA:42,0
FN:46,SampleMultiHatter.transfer
FNDA:0,SampleMultiHatter.transfer
DA:51,0
FN:54,SampleMultiHatter.batchTransfer
FNDA:0,SampleMultiHatter.batchTransfer
DA:59,0
FNF:5
FNH:0
LF:7
LH:0
BRF:2
BRH:0
end_of_record
TN:
SF:src/HatsConditions/SampleHatsConditions.sol
FN:47,OwnableHatsConditions.getHatStatus
FNDA:0,OwnableHatsConditions.getHatStatus
DA:53,0
FN:56,OwnableHatsConditions.setHatStatus
FNDA:0,OwnableHatsConditions.setHatStatus
DA:61,0
DA:62,0
DA:64,0
FN:67,OwnableHatsConditions._updateHatStatus
FNDA:0,OwnableHatsConditions._updateHatStatus
DA:68,0
FN:16,ExpiringHatsConditions.getHatStatus
FNDA:0,ExpiringHatsConditions.getHatStatus
DA:22,0
FN:25,ExpiringHatsConditions.setExpiry
FNDA:0,ExpiringHatsConditions.setExpiry
DA:26,0
BRDA:26,0,0,-
BRDA:26,0,1,-
DA:27,0
DA:30,0
DA:32,0
FNF:5
FNH:0
LF:10
LH:0
BRF:2
BRH:0
end_of_record
TN:
SF:src/HatsOracles/SampleHatsOracle.sol
FN:20,OwnableHatsOracle.getWearerStatus
FNDA:0,OwnableHatsOracle.getWearerStatus
DA:25,0
FN:28,OwnableHatsOracle.setWearerStatus
FNDA:0,OwnableHatsOracle.setWearerStatus
DA:33,0
DA:34,0
DA:36,0
FN:39,OwnableHatsOracle._updateHatWearerStatus
FNDA:0,OwnableHatsOracle._updateHatWearerStatus
DA:43,0
FNF:3
FNH:0
LF:5
LH:0
BRF:0
BRH:0
end_of_record
TN:
SF:test/HatsTestSetup.t.sol
FN:66,TestSetup.setUp
FNDA:0,TestSetup.setUp
DA:67,0
DA:69,0
DA:72,0
FN:75,TestSetup.setUpVariables
FNDA:0,TestSetup.setUpVariables
DA:77,0
DA:78,0
DA:79,0
DA:80,0
DA:81,0
DA:84,0
DA:85,0
DA:86,0
FN:89,TestSetup.createTopHat
FNDA:0,TestSetup.createTopHat
DA:91,0
FN:95,TestSetup.createHatsBranch
FNDA:0,TestSetup.createHatsBranch
DA:99,0
DA:100,0
DA:101,0
DA:102,0
DA:104,0
DA:105,0
DA:107,0
DA:108,0
DA:110,0
DA:113,0
DA:115,0
DA:122,0
DA:125,0
DA:126,0
DA:127,0
DA:129,0
FN:136,TestSetup2.setUp
FNDA:0,TestSetup2.setUp
DA:139,0
DA:142,0
DA:143,0
DA:152,0
DA:153,0
FNF:5
FNH:0
LF:33
LH:0
BRF:0
BRH:0
end_of_record
